<?xml version="1.0" encoding="UTF-8"?>
<testsuite name="com.uca.Tests" tests="5" skipped="0" failures="0" errors="0" timestamp="2025-04-18T07:27:45" hostname="axelmanuel" time="0.044">
  <properties/>
  <testcase name="testRepetition()" classname="com.uca.Tests" time="0.018"/>
  <testcase name="testRomanFromNumber()" classname="com.uca.Tests" time="0.001"/>
  <testcase name="testNegativeValue()" classname="com.uca.Tests" time="0.003"/>
  <testcase name="testNumberFromRoman()" classname="com.uca.Tests" time="0.001"/>
  <testcase name="testIntervalle()" classname="com.uca.Tests" time="0.014"/>
  <system-out><![CDATA[]]></system-out>
  <system-err><![CDATA[]]></system-err>
</testsuite>
